[handleMsg]:  {
  key: {
    remoteJid: '595972523320@s.whatsapp.net',
    fromMe: false,
    id: '4C3C24A7C34DC91B6B7ECB1E7EC0DA5B',
    participant: undefined
  },
  messageTimestamp: 1703279252,
  pushName: 'Howard Hsu',
  broadcast: false,
  message: Message {
    conversation: '/violet',
    messageContextInfo: MessageContextInfo {
      deviceListMetadata: [DeviceListMetadata],
      deviceListMetadataVersion: 2
    }
  },
  body: '/violet',
  from: '595972523320'
}
[QUEUE_SE_ENVIO]:  {
  ref: 'ans_99e9f3ca-e442-4906-b22a-d0a3a11ffad9',
  keyword: 'key_61bd22de-cc1e-4705-bfe7-05dfd18b548c',
  answer: '🙌 Hola bienvenid/a a violet',
  options: {
    media: './violet.jpg',
    buttons: [],
    capture: false,
    child: null,
    delay: 0,
    idle: null,
    ref: null,
    nested: [],
    keyword: {},
    callback: false
  },
  refSerialize: '76cfb200f03344b1e1098e9675bcc747'
}
[QUEUE_SE_ENVIO]:  {
  ref: 'ans_fdc5b4de-0414-4ff9-ae2c-2c95bdfa0f69',
  keyword: 'ans_99e9f3ca-e442-4906-b22a-d0a3a11ffad9',
  answer: 'te comparto los siguientes links de interes sobre el proyecto\n' +
    '👉 */doc* para ver la documentación\n' +
    '👉 */gracias*  para ver la lista de videos\n' +
    '👉 */about* ¿Quienes somos?\n' +
    '👉 */libros* busca libros por titulo',
  options: {
    media: null,
    buttons: [],
    capture: false,
    child: null,
    delay: 0,
    idle: null,
    ref: null,
    nested: [
      [Object], [Object],
      [Object], [Object],
      [Object], [Object],
      [Object], [Object],
      [Object], [Object],
      [Object]
    ],
    keyword: {},
    callback: false
  },
  refSerialize: '8800fe32e263b9dbfa6c3e32ba046290'
}
[handleMsg]:  {
  key: {
    remoteJid: '595972523320@s.whatsapp.net',
    fromMe: false,
    id: '62188A5416B5526ED326D57D6CFF2BE3',
    participant: undefined
  },
  messageTimestamp: 1703279416,
  pushName: 'Howard Hsu',
  broadcast: false,
  message: Message {
    conversation: '/libros',
    messageContextInfo: MessageContextInfo {
      deviceListMetadata: [DeviceListMetadata],
      deviceListMetadataVersion: 2
    }
  },
  body: '/libros',
  from: '595972523320'
}
[QUEUE_SE_ENVIO]:  {
  ref: 'ans_fe7107de-853b-4797-a240-f3088d20ddd6',
  keyword: 'key_5ee891bc-b127-40ad-8db9-e1b0baab8491',
  answer: '__call_action__',
  options: {
    media: null,
    buttons: [],
    capture: false,
    child: null,
    delay: 0,
    idle: null,
    ref: null,
    nested: [],
    keyword: {},
    callback: true
  },
  refSerialize: '956f53dc8c258299f23152f96e46dab0'
}
[QUEUE_SE_ENVIO]:  {
  ref: 'ans_7526c4a0-4051-43da-a3ef-7d936c994826',
  keyword: 'ans_fe7107de-853b-4797-a240-f3088d20ddd6',
  answer: '__capture_only_intended__',
  options: {
    media: null,
    buttons: [],
    capture: true,
    child: null,
    delay: 0,
    idle: null,
    ref: null,
    nested: [],
    keyword: {},
    callback: true
  },
  refSerialize: '54dd1cdf6d981912bc941bcc4a015e3f'
}
[handleMsg]:  {
  key: {
    remoteJid: '595972523320@s.whatsapp.net',
    fromMe: false,
    id: 'A8638B381F8AADBAAAABBD21B096BEBC',
    participant: undefined
  },
  messageTimestamp: 1703279441,
  pushName: 'Howard Hsu',
  broadcast: false,
  message: Message {
    conversation: 'Arsenio lupin',
    messageContextInfo: MessageContextInfo {
      deviceListMetadata: [DeviceListMetadata],
      deviceListMetadataVersion: 2
    }
  },
  body: 'Arsenio lupin',
  from: '595972523320'
}
[handleMsg]:  {
  key: {
    remoteJid: '595972555400@s.whatsapp.net',
    fromMe: false,
    id: 'E82F15F17506F66C7F7051D42263A56A',
    participant: undefined
  },
  messageTimestamp: 1703279467,
  pushName: '(﹡ˆ﹀ˆ﹡)♡',
  broadcast: false,
  message: Message {
    stickerMessage: StickerMessage {
      url: 'https://mmg.whatsapp.net/v/t62.15575-24/29246377_905577407416600_5996269038444372998_n.enc?ccb=11-4&oh=01_AdSUWpc1ReaKUvsUZ98UmWw7lg2aVrqJvFfN27680uNf6Q&oe=65AD7FE6&_nc_sid=5e03e0&mms3=true',
      fileSha256: [Uint8Array],
      fileEncSha256: [Uint8Array],
      mediaKey: [Uint8Array],
      mimetype: 'image/webp',
      height: 64,
      width: 64,
      directPath: '/v/t62.15575-24/29246377_905577407416600_5996269038444372998_n.enc?ccb=11-4&oh=01_AdSUWpc1ReaKUvsUZ98UmWw7lg2aVrqJvFfN27680uNf6Q&oe=65AD7FE6&_nc_sid=5e03e0',
      fileLength: [Long],
      mediaKeyTimestamp: [Long],
      isAnimated: false,
      stickerSentTs: [Long],
      isAvatar: false
    },
    messageContextInfo: MessageContextInfo {
      deviceListMetadata: [DeviceListMetadata],
      deviceListMetadataVersion: 2
    }
  },
  body: '_event_media__bf39b4cc-0437-437f-87a0-1c37db7b312b',
  from: '595972555400'
}
[handleMsg]:  {
  key: {
    remoteJid: '595972555400@s.whatsapp.net',
    fromMe: false,
    id: '707025C4FB1DEA2721101AEDA8B7DB04',
    participant: undefined
  },
  messageTimestamp: 1703279501,
  pushName: '(﹡ˆ﹀ˆ﹡)♡',
  broadcast: false,
  message: Message {
    conversation: '/violet',
    messageContextInfo: MessageContextInfo {
      deviceListMetadata: [DeviceListMetadata],
      deviceListMetadataVersion: 2
    }
  },
  body: '/violet',
  from: '595972555400'
}
[QUEUE_SE_ENVIO]:  {
  ref: 'ans_99e9f3ca-e442-4906-b22a-d0a3a11ffad9',
  keyword: 'key_61bd22de-cc1e-4705-bfe7-05dfd18b548c',
  answer: '🙌 Hola bienvenid/a a violet',
  options: {
    media: './violet.jpg',
    buttons: [],
    capture: false,
    child: null,
    delay: 0,
    idle: null,
    ref: null,
    nested: [],
    keyword: {},
    callback: false
  },
  refSerialize: '76cfb200f03344b1e1098e9675bcc747'
}
[QUEUE_SE_ENVIO]:  {
  ref: 'ans_fdc5b4de-0414-4ff9-ae2c-2c95bdfa0f69',
  keyword: 'ans_99e9f3ca-e442-4906-b22a-d0a3a11ffad9',
  answer: 'te comparto los siguientes links de interes sobre el proyecto\n' +
    '👉 */doc* para ver la documentación\n' +
    '👉 */gracias*  para ver la lista de videos\n' +
    '👉 */about* ¿Quienes somos?\n' +
    '👉 */libros* busca libros por titulo',
  options: {
    media: null,
    buttons: [],
    capture: false,
    child: null,
    delay: 0,
    idle: null,
    ref: null,
    nested: [
      [Object], [Object],
      [Object], [Object],
      [Object], [Object],
      [Object], [Object],
      [Object], [Object],
      [Object]
    ],
    keyword: {},
    callback: false
  },
  refSerialize: '8800fe32e263b9dbfa6c3e32ba046290'
}
[handleMsg]:  {
  key: {
    remoteJid: '595972555400@s.whatsapp.net',
    fromMe: false,
    id: '8C0AD57433AC7F28946A4B795CA8D7D2',
    participant: undefined
  },
  messageTimestamp: 1703279516,
  pushName: '(﹡ˆ﹀ˆ﹡)♡',
  broadcast: false,
  message: Message {
    conversation: '/about',
    messageContextInfo: MessageContextInfo {
      deviceListMetadata: [DeviceListMetadata],
      deviceListMetadataVersion: 2
    }
  },
  body: '/about',
  from: '595972555400'
}
[QUEUE_SE_ENVIO]:  {
  ref: 'ans_b4fa332e-9b7f-48d9-8f8c-a130702123e4',
  keyword: 'key_36530257-83b6-4df7-87f5-cc4101f0a494',
  answer: 'Somos un equipo jovenes programadores',
  options: {
    media: null,
    buttons: [],
    capture: false,
    child: null,
    delay: 0,
    idle: null,
    ref: null,
    nested: [ [Object], [Object] ],
    keyword: {},
    callback: false
  },
  refSerialize: '78293db5248c871e9155c354bc597a7a'
}
[handleMsg]:  {
  key: {
    remoteJid: '595993314406@s.whatsapp.net',
    fromMe: false,
    id: '8A80D9197CEA5308F0FDCA781D3EB804',
    participant: undefined
  },
  messageTimestamp: 1703279643,
  pushName: 'Heidy🌿🌿',
  broadcast: false,
  message: Message {
    extendedTextMessage: ExtendedTextMessage {
      text: '.',
      previewType: 0,
      contextInfo: [ContextInfo],
      inviteLinkGroupTypeV2: 0
    },
    messageContextInfo: MessageContextInfo {
      deviceListMetadata: [DeviceListMetadata],
      deviceListMetadataVersion: 2
    }
  },
  body: '.',
  from: '595993314406'
}
[handleMsg]:  {
  key: {
    remoteJid: '595993314406@s.whatsapp.net',
    fromMe: false,
    id: '1E2ECA45E712AE103D9B01DD4B42AEDF',
    participant: undefined
  },
  messageTimestamp: 1703279664,
  pushName: 'Heidy🌿🌿',
  broadcast: false,
  message: Message {
    conversation: '/violet',
    messageContextInfo: MessageContextInfo {
      deviceListMetadata: [DeviceListMetadata],
      deviceListMetadataVersion: 2
    }
  },
  body: '/violet',
  from: '595993314406'
}
[QUEUE_SE_ENVIO]:  {
  ref: 'ans_99e9f3ca-e442-4906-b22a-d0a3a11ffad9',
  keyword: 'key_61bd22de-cc1e-4705-bfe7-05dfd18b548c',
  answer: '🙌 Hola bienvenid/a a violet',
  options: {
    media: './violet.jpg',
    buttons: [],
    capture: false,
    child: null,
    delay: 0,
    idle: null,
    ref: null,
    nested: [],
    keyword: {},
    callback: false
  },
  refSerialize: '76cfb200f03344b1e1098e9675bcc747'
}
[QUEUE_SE_ENVIO]:  {
  ref: 'ans_fdc5b4de-0414-4ff9-ae2c-2c95bdfa0f69',
  keyword: 'ans_99e9f3ca-e442-4906-b22a-d0a3a11ffad9',
  answer: 'te comparto los siguientes links de interes sobre el proyecto\n' +
    '👉 */doc* para ver la documentación\n' +
    '👉 */gracias*  para ver la lista de videos\n' +
    '👉 */about* ¿Quienes somos?\n' +
    '👉 */libros* busca libros por titulo',
  options: {
    media: null,
    buttons: [],
    capture: false,
    child: null,
    delay: 0,
    idle: null,
    ref: null,
    nested: [
      [Object], [Object],
      [Object], [Object],
      [Object], [Object],
      [Object], [Object],
      [Object], [Object],
      [Object]
    ],
    keyword: {},
    callback: false
  },
  refSerialize: '8800fe32e263b9dbfa6c3e32ba046290'
}
[handleMsg]:  {
  key: {
    remoteJid: '595993314406@s.whatsapp.net',
    fromMe: false,
    id: '0778829F216EC9F4908EDECF7F6638B0',
    participant: undefined
  },
  messageTimestamp: 1703279694,
  pushName: 'Heidy🌿🌿',
  broadcast: false,
  message: Message {
    conversation: '/libros',
    messageContextInfo: MessageContextInfo {
      deviceListMetadata: [DeviceListMetadata],
      deviceListMetadataVersion: 2
    }
  },
  body: '/libros',
  from: '595993314406'
}
[QUEUE_SE_ENVIO]:  {
  ref: 'ans_fe7107de-853b-4797-a240-f3088d20ddd6',
  keyword: 'key_5ee891bc-b127-40ad-8db9-e1b0baab8491',
  answer: '__call_action__',
  options: {
    media: null,
    buttons: [],
    capture: false,
    child: null,
    delay: 0,
    idle: null,
    ref: null,
    nested: [],
    keyword: {},
    callback: true
  },
  refSerialize: '956f53dc8c258299f23152f96e46dab0'
}
[QUEUE_SE_ENVIO]:  {
  ref: 'ans_7526c4a0-4051-43da-a3ef-7d936c994826',
  keyword: 'ans_fe7107de-853b-4797-a240-f3088d20ddd6',
  answer: '__capture_only_intended__',
  options: {
    media: null,
    buttons: [],
    capture: true,
    child: null,
    delay: 0,
    idle: null,
    ref: null,
    nested: [],
    keyword: {},
    callback: true
  },
  refSerialize: '54dd1cdf6d981912bc941bcc4a015e3f'
}
[handleMsg]:  {
  key: {
    remoteJid: '595993314406@s.whatsapp.net',
    fromMe: false,
    id: 'E8230445F59B99FC127749871E7F1B71',
    participant: undefined
  },
  messageTimestamp: 1703279703,
  pushName: 'Heidy🌿🌿',
  broadcast: false,
  message: Message {
    conversation: 'Acotar',
    messageContextInfo: MessageContextInfo {
      deviceListMetadata: [DeviceListMetadata],
      deviceListMetadataVersion: 2
    }
  },
  body: 'Acotar',
  from: '595993314406'
}
[handleMsg]:  {
  key: {
    remoteJid: '595993314406@s.whatsapp.net',
    fromMe: false,
    id: 'F7C0B526832DC4E30A302C6D044C1610',
    participant: undefined
  },
  messageTimestamp: 1703279749,
  pushName: 'Heidy🌿🌿',
  broadcast: false,
  message: Message {
    conversation: '/Libros',
    messageContextInfo: MessageContextInfo {
      deviceListMetadata: [DeviceListMetadata],
      deviceListMetadataVersion: 2
    }
  },
  body: '/Libros',
  from: '595993314406'
}
[handleMsg]:  {
  key: {
    remoteJid: '595993314406@s.whatsapp.net',
    fromMe: false,
    id: '976BC6509B3C46AD3FAA18AC00638F96',
    participant: undefined
  },
  messageTimestamp: 1703279766,
  pushName: 'Heidy🌿🌿',
  broadcast: false,
  message: Message {
    conversation: '/violet',
    messageContextInfo: MessageContextInfo {
      deviceListMetadata: [DeviceListMetadata],
      deviceListMetadataVersion: 2
    }
  },
  body: '/violet',
  from: '595993314406'
}
[QUEUE_SE_ENVIO]:  {
  ref: 'ans_99e9f3ca-e442-4906-b22a-d0a3a11ffad9',
  keyword: 'key_61bd22de-cc1e-4705-bfe7-05dfd18b548c',
  answer: '🙌 Hola bienvenid/a a violet',
  options: {
    media: './violet.jpg',
    buttons: [],
    capture: false,
    child: null,
    delay: 0,
    idle: null,
    ref: null,
    nested: [],
    keyword: {},
    callback: false
  },
  refSerialize: '76cfb200f03344b1e1098e9675bcc747'
}
[QUEUE_SE_ENVIO]:  {
  ref: 'ans_fdc5b4de-0414-4ff9-ae2c-2c95bdfa0f69',
  keyword: 'ans_99e9f3ca-e442-4906-b22a-d0a3a11ffad9',
  answer: 'te comparto los siguientes links de interes sobre el proyecto\n' +
    '👉 */doc* para ver la documentación\n' +
    '👉 */gracias*  para ver la lista de videos\n' +
    '👉 */about* ¿Quienes somos?\n' +
    '👉 */libros* busca libros por titulo',
  options: {
    media: null,
    buttons: [],
    capture: false,
    child: null,
    delay: 0,
    idle: null,
    ref: null,
    nested: [
      [Object], [Object],
      [Object], [Object],
      [Object], [Object],
      [Object], [Object],
      [Object], [Object],
      [Object]
    ],
    keyword: {},
    callback: false
  },
  refSerialize: '8800fe32e263b9dbfa6c3e32ba046290'
}
[handleMsg]:  {
  key: {
    remoteJid: '595993314406@s.whatsapp.net',
    fromMe: false,
    id: '75B5D9511288A5B2DB1D232B8C541863',
    participant: undefined
  },
  messageTimestamp: 1703279772,
  pushName: 'Heidy🌿🌿',
  broadcast: false,
  message: Message {
    conversation: '/libros',
    messageContextInfo: MessageContextInfo {
      deviceListMetadata: [DeviceListMetadata],
      deviceListMetadataVersion: 2
    }
  },
  body: '/libros',
  from: '595993314406'
}
[QUEUE_SE_ENVIO]:  {
  ref: 'ans_fe7107de-853b-4797-a240-f3088d20ddd6',
  keyword: 'key_5ee891bc-b127-40ad-8db9-e1b0baab8491',
  answer: '__call_action__',
  options: {
    media: null,
    buttons: [],
    capture: false,
    child: null,
    delay: 0,
    idle: null,
    ref: null,
    nested: [],
    keyword: {},
    callback: true
  },
  refSerialize: '956f53dc8c258299f23152f96e46dab0'
}
[QUEUE_SE_ENVIO]:  {
  ref: 'ans_7526c4a0-4051-43da-a3ef-7d936c994826',
  keyword: 'ans_fe7107de-853b-4797-a240-f3088d20ddd6',
  answer: '__capture_only_intended__',
  options: {
    media: null,
    buttons: [],
    capture: true,
    child: null,
    delay: 0,
    idle: null,
    ref: null,
    nested: [],
    keyword: {},
    callback: true
  },
  refSerialize: '54dd1cdf6d981912bc941bcc4a015e3f'
}
[handleMsg]:  {
  key: {
    remoteJid: '595993314406@s.whatsapp.net',
    fromMe: false,
    id: '00E9D3423F37E7E90AD687E104BDA0E5',
    participant: undefined
  },
  messageTimestamp: 1703279785,
  pushName: 'Heidy🌿🌿',
  broadcast: false,
  message: Message {
    conversation: 'Una corte de rosas y espinas',
    messageContextInfo: MessageContextInfo {
      deviceListMetadata: [DeviceListMetadata],
      deviceListMetadataVersion: 2
    }
  },
  body: 'Una corte de rosas y espinas',
  from: '595993314406'
}
